<?xml version="1.0" encoding="UTF-8"?>
<testng-results skipped="0" failed="0" ignored="0" total="1" passed="1">
  <reporter-output>
  </reporter-output>
  <suite name="Default suite" duration-ms="7536" started-at="2020-04-11T16:58:35 IST" finished-at="2020-04-11T16:58:43 IST">
    <groups>
    </groups>
    <test name="Default test" duration-ms="7536" started-at="2020-04-11T16:58:35 IST" finished-at="2020-04-11T16:58:43 IST">
      <class name="com.PlaylistApplication.SeleniumTest.PlaylistApplicationSelTests">
        <test-method status="PASS" signature="testCreatePlaylistUI()[pri:0, instance:com.PlaylistApplication.SeleniumTest.PlaylistApplicationSelTests@436e852b]" name="testCreatePlaylistUI" duration-ms="7483" started-at="2020-04-11T16:58:35 IST" finished-at="2020-04-11T16:58:43 IST">
          <reporter-output>
          </reporter-output>
        </test-method> <!-- testCreatePlaylistUI -->
      </class> <!-- com.PlaylistApplication.SeleniumTest.PlaylistApplicationSelTests -->
    </test> <!-- Default test -->
  </suite> <!-- Default suite -->
</testng-results>
